[debug] [2021-01-17T21:37:23.126Z] ----------------------------------------------------------------------
[debug] [2021-01-17T21:37:23.130Z] Command:       C:\Program Files\nodejs\node.exe C:\Users\Maria\AppData\Roaming\npm\node_modules\firebase-tools\lib\bin\firebase.js init
[debug] [2021-01-17T21:37:23.131Z] CLI Version:   9.1.2
[debug] [2021-01-17T21:37:23.131Z] Platform:      win32
[debug] [2021-01-17T21:37:23.132Z] Node Version:  v14.4.0
[debug] [2021-01-17T21:37:23.133Z] Time:          Sun Jan 17 2021 13:37:23 GMT-0800 (Pacific Standard Time)
[debug] [2021-01-17T21:37:23.133Z] ----------------------------------------------------------------------
[debug] [2021-01-17T21:37:23.133Z] 
[debug] [2021-01-17T21:37:23.136Z] >>> [apiv2][query] GET https://firebase-public.firebaseio.com/cli.json [none]
[debug] [2021-01-17T21:37:23.155Z] > command requires scopes: ["email","openid","https://www.googleapis.com/auth/cloudplatformprojects.readonly","https://www.googleapis.com/auth/firebase","https://www.googleapis.com/auth/cloud-platform"]
[debug] [2021-01-17T21:37:23.156Z] > authorizing via signed-in user
[info] 
     ######## #### ########  ######## ########     ###     ######  ########
     ##        ##  ##     ## ##       ##     ##  ##   ##  ##       ##
     ######    ##  ########  ######   ########  #########  ######  ######
     ##        ##  ##    ##  ##       ##     ## ##     ##       ## ##
     ##       #### ##     ## ######## ########  ##     ##  ######  ########

You're about to initialize a Firebase project in this directory:

  C:\Users\Maria\Documents\Github - Clients\MiracleTheory

Before we get started, keep in mind:

  * You are initializing in an existing Firebase project directory

[debug] [2021-01-17T21:37:23.407Z] <<< [apiv2][status] GET https://firebase-public.firebaseio.com/cli.json 200
[debug] [2021-01-17T21:37:23.407Z] <<< [apiv2][body] GET https://firebase-public.firebaseio.com/cli.json {"cloudBuildErrorAfter":1594252800000,"cloudBuildWarnAfter":1590019200000,"defaultNode10After":1594252800000,"minVersion":"3.0.5","node8DeploysDisabledAfter":1613390400000,"node8RuntimeDisabledAfter":1615809600000,"node8WarnAfter":1600128000000}
